<?xml version="1.0" encoding="UTF-8"?>
<!-- Generated by org.testng.reporters.JUnitReportReporter -->
<testsuite skipped="0" hostname="ciprian-ThinkPad-T570-W10DG" name="ODIN_VALIDATOR_APITEST.App1" tests="1" failures="0" timestamp="09 Oct 2019 10:27:41 GMT" time="3.252" errors="0">
  <testcase name="test20" time="3.252" classname="ODIN_VALIDATOR_APITEST.App1"/>
</testsuite> <!-- ODIN_VALIDATOR_APITEST.App1 -->
