<?xml version="1.0" encoding="UTF-8"?>
<!-- Generated by org.testng.reporters.JUnitReportReporter -->
<testsuite skipped="0" hostname="ciprian-ThinkPad-T570-W10DG" name="ODIN_REQUEST_PROCESSOR_APITEST.RequestProcessorTest" tests="7" failures="0" timestamp="29 Oct 2019 16:12:32 GMT" time="11.160" errors="0">
  <testcase name="test1" time="3.348" classname="ODIN_REQUEST_PROCESSOR_APITEST.RequestProcessorTest"/>
  <testcase name="test2" time="1.370" classname="ODIN_REQUEST_PROCESSOR_APITEST.RequestProcessorTest"/>
  <testcase name="test3" time="1.521" classname="ODIN_REQUEST_PROCESSOR_APITEST.RequestProcessorTest"/>
  <testcase name="test4" time="1.207" classname="ODIN_REQUEST_PROCESSOR_APITEST.RequestProcessorTest"/>
  <testcase name="test5" time="0.920" classname="ODIN_REQUEST_PROCESSOR_APITEST.RequestProcessorTest"/>
  <testcase name="test6" time="1.243" classname="ODIN_REQUEST_PROCESSOR_APITEST.RequestProcessorTest"/>
  <testcase name="test7" time="1.551" classname="ODIN_REQUEST_PROCESSOR_APITEST.RequestProcessorTest"/>
</testsuite> <!-- ODIN_REQUEST_PROCESSOR_APITEST.RequestProcessorTest -->
