<?xml version="1.0" encoding="UTF-8"?>
<!-- Generated by org.testng.reporters.JUnitReportReporter -->
<testsuite skipped="0" hostname="ciprian-ThinkPad-T570-W10DG" name="ODIN_VALIDATOR_APITEST.ValidatorTest" tests="39" failures="0" timestamp="10 Oct 2019 15:11:58 GMT" time="61.427" errors="0">
  <testcase name="test1" time="2.237" classname="ODIN_VALIDATOR_APITEST.ValidatorTest"/>
  <testcase name="test2" time="1.628" classname="ODIN_VALIDATOR_APITEST.ValidatorTest"/>
  <testcase name="test3" time="1.523" classname="ODIN_VALIDATOR_APITEST.ValidatorTest"/>
  <testcase name="test4" time="0.736" classname="ODIN_VALIDATOR_APITEST.ValidatorTest"/>
  <testcase name="test5" time="1.764" classname="ODIN_VALIDATOR_APITEST.ValidatorTest"/>
  <testcase name="test6" time="2.055" classname="ODIN_VALIDATOR_APITEST.ValidatorTest"/>
  <testcase name="test7" time="1.564" classname="ODIN_VALIDATOR_APITEST.ValidatorTest"/>
  <testcase name="test8" time="1.502" classname="ODIN_VALIDATOR_APITEST.ValidatorTest"/>
  <testcase name="test9" time="1.610" classname="ODIN_VALIDATOR_APITEST.ValidatorTest"/>
  <testcase name="test10" time="1.959" classname="ODIN_VALIDATOR_APITEST.ValidatorTest"/>
  <testcase name="test11" time="1.680" classname="ODIN_VALIDATOR_APITEST.ValidatorTest"/>
  <testcase name="test12" time="1.846" classname="ODIN_VALIDATOR_APITEST.ValidatorTest"/>
  <testcase name="test13" time="1.794" classname="ODIN_VALIDATOR_APITEST.ValidatorTest"/>
  <testcase name="test14" time="1.765" classname="ODIN_VALIDATOR_APITEST.ValidatorTest"/>
  <testcase name="test15" time="1.202" classname="ODIN_VALIDATOR_APITEST.ValidatorTest"/>
  <testcase name="test16" time="1.608" classname="ODIN_VALIDATOR_APITEST.ValidatorTest"/>
  <testcase name="test17" time="1.796" classname="ODIN_VALIDATOR_APITEST.ValidatorTest"/>
  <testcase name="test18" time="1.320" classname="ODIN_VALIDATOR_APITEST.ValidatorTest"/>
  <testcase name="test19" time="1.463" classname="ODIN_VALIDATOR_APITEST.ValidatorTest"/>
  <testcase name="test20" time="1.408" classname="ODIN_VALIDATOR_APITEST.ValidatorTest"/>
  <testcase name="test21" time="1.504" classname="ODIN_VALIDATOR_APITEST.ValidatorTest"/>
  <testcase name="test22" time="1.383" classname="ODIN_VALIDATOR_APITEST.ValidatorTest"/>
  <testcase name="test23" time="2.225" classname="ODIN_VALIDATOR_APITEST.ValidatorTest"/>
  <testcase name="test24" time="1.415" classname="ODIN_VALIDATOR_APITEST.ValidatorTest"/>
  <testcase name="test25" time="1.296" classname="ODIN_VALIDATOR_APITEST.ValidatorTest"/>
  <testcase name="test26" time="1.402" classname="ODIN_VALIDATOR_APITEST.ValidatorTest"/>
  <testcase name="test27" time="2.084" classname="ODIN_VALIDATOR_APITEST.ValidatorTest"/>
  <testcase name="test28" time="1.400" classname="ODIN_VALIDATOR_APITEST.ValidatorTest"/>
  <testcase name="test29" time="1.404" classname="ODIN_VALIDATOR_APITEST.ValidatorTest"/>
  <testcase name="test30" time="1.484" classname="ODIN_VALIDATOR_APITEST.ValidatorTest"/>
  <testcase name="test31" time="1.560" classname="ODIN_VALIDATOR_APITEST.ValidatorTest"/>
  <testcase name="test32" time="1.670" classname="ODIN_VALIDATOR_APITEST.ValidatorTest"/>
  <testcase name="test33" time="0.794" classname="ODIN_VALIDATOR_APITEST.ValidatorTest"/>
  <testcase name="test34" time="1.544" classname="ODIN_VALIDATOR_APITEST.ValidatorTest"/>
  <testcase name="test35" time="1.777" classname="ODIN_VALIDATOR_APITEST.ValidatorTest"/>
  <testcase name="test36" time="1.989" classname="ODIN_VALIDATOR_APITEST.ValidatorTest"/>
  <testcase name="test37" time="1.253" classname="ODIN_VALIDATOR_APITEST.ValidatorTest"/>
  <testcase name="test38" time="0.717" classname="ODIN_VALIDATOR_APITEST.ValidatorTest"/>
  <testcase name="test39" time="2.066" classname="ODIN_VALIDATOR_APITEST.ValidatorTest"/>
</testsuite> <!-- ODIN_VALIDATOR_APITEST.ValidatorTest -->
