<?xml version="1.0" encoding="UTF-8"?>
<!-- Generated by org.testng.reporters.JUnitReportReporter -->
<testsuite skipped="7" hostname="ciprian-ThinkPad-T570-W10DG" name="ODIN_VALIDATOR_APITEST.ValidatorTest" tests="51" failures="0" timestamp="02 Dec 2019 16:59:02 GMT" time="36.242" errors="0">
  <testcase name="test1" time="1.921" classname="ODIN_VALIDATOR_APITEST.ValidatorTest"/>
  <testcase name="test2" time="0.909" classname="ODIN_VALIDATOR_APITEST.ValidatorTest"/>
  <testcase name="test3" time="0.813" classname="ODIN_VALIDATOR_APITEST.ValidatorTest"/>
  <testcase name="test4" time="0.408" classname="ODIN_VALIDATOR_APITEST.ValidatorTest"/>
  <testcase name="test5" time="2.312" classname="ODIN_VALIDATOR_APITEST.ValidatorTest"/>
  <testcase name="test6" time="1.235" classname="ODIN_VALIDATOR_APITEST.ValidatorTest"/>
  <testcase name="test7" time="0.660" classname="ODIN_VALIDATOR_APITEST.ValidatorTest"/>
  <testcase name="test8" time="0.535" classname="ODIN_VALIDATOR_APITEST.ValidatorTest"/>
  <testcase name="test9" time="1.545" classname="ODIN_VALIDATOR_APITEST.ValidatorTest"/>
  <testcase name="test10" time="1.233" classname="ODIN_VALIDATOR_APITEST.ValidatorTest"/>
  <testcase name="test11" time="0.831" classname="ODIN_VALIDATOR_APITEST.ValidatorTest"/>
  <testcase name="test12" time="1.044" classname="ODIN_VALIDATOR_APITEST.ValidatorTest"/>
  <testcase name="test13" time="0.934" classname="ODIN_VALIDATOR_APITEST.ValidatorTest"/>
  <testcase name="test14" time="1.159" classname="ODIN_VALIDATOR_APITEST.ValidatorTest"/>
  <testcase name="test15" time="0.715" classname="ODIN_VALIDATOR_APITEST.ValidatorTest"/>
  <testcase name="test16" time="0.501" classname="ODIN_VALIDATOR_APITEST.ValidatorTest"/>
  <testcase name="test17" time="0.614" classname="ODIN_VALIDATOR_APITEST.ValidatorTest"/>
  <testcase name="test18" time="0.534" classname="ODIN_VALIDATOR_APITEST.ValidatorTest"/>
  <testcase name="test19" time="0.749" classname="ODIN_VALIDATOR_APITEST.ValidatorTest"/>
  <testcase name="test20" time="0.545" classname="ODIN_VALIDATOR_APITEST.ValidatorTest"/>
  <testcase name="test21" time="0.708" classname="ODIN_VALIDATOR_APITEST.ValidatorTest"/>
  <testcase name="test22" time="0.570" classname="ODIN_VALIDATOR_APITEST.ValidatorTest"/>
  <testcase name="test23" time="0.578" classname="ODIN_VALIDATOR_APITEST.ValidatorTest"/>
  <testcase name="test24" time="0.435" classname="ODIN_VALIDATOR_APITEST.ValidatorTest"/>
  <testcase name="test25" time="0.872" classname="ODIN_VALIDATOR_APITEST.ValidatorTest"/>
  <testcase name="test26" time="0.811" classname="ODIN_VALIDATOR_APITEST.ValidatorTest"/>
  <testcase name="test27" time="0.507" classname="ODIN_VALIDATOR_APITEST.ValidatorTest"/>
  <testcase name="test28" time="0.480" classname="ODIN_VALIDATOR_APITEST.ValidatorTest"/>
  <testcase name="test29" time="0.905" classname="ODIN_VALIDATOR_APITEST.ValidatorTest"/>
  <testcase name="test30" time="0.855" classname="ODIN_VALIDATOR_APITEST.ValidatorTest"/>
  <testcase name="test31" time="0.700" classname="ODIN_VALIDATOR_APITEST.ValidatorTest"/>
  <testcase name="test32" time="0.941" classname="ODIN_VALIDATOR_APITEST.ValidatorTest"/>
  <testcase name="test33" time="0.327" classname="ODIN_VALIDATOR_APITEST.ValidatorTest"/>
  <testcase name="test34" time="1.128" classname="ODIN_VALIDATOR_APITEST.ValidatorTest"/>
  <testcase name="test35" time="0.837" classname="ODIN_VALIDATOR_APITEST.ValidatorTest"/>
  <testcase name="test36" time="1.043" classname="ODIN_VALIDATOR_APITEST.ValidatorTest"/>
  <testcase name="test37" time="1.046" classname="ODIN_VALIDATOR_APITEST.ValidatorTest"/>
  <testcase name="test38" time="0.472" classname="ODIN_VALIDATOR_APITEST.ValidatorTest"/>
  <testcase name="test39" time="0.699" classname="ODIN_VALIDATOR_APITEST.ValidatorTest"/>
  <testcase name="test40" time="1.452" classname="ODIN_VALIDATOR_APITEST.ValidatorTest"/>
  <testcase name="test41" time="0.436" classname="ODIN_VALIDATOR_APITEST.ValidatorTest"/>
  <testcase name="test42" time="0.457" classname="ODIN_VALIDATOR_APITEST.ValidatorTest"/>
  <testcase name="test43" time="0.430" classname="ODIN_VALIDATOR_APITEST.ValidatorTest"/>
  <testcase name="test44" time="0.356" classname="ODIN_VALIDATOR_APITEST.ValidatorTest"/>
  <testcase name="test48" classname="ODIN_VALIDATOR_APITEST.ValidatorTest">
    <skipped/>
  </testcase> <!-- test48 -->
  <testcase name="test47" classname="ODIN_VALIDATOR_APITEST.ValidatorTest">
    <skipped/>
  </testcase> <!-- test47 -->
  <testcase name="test46" classname="ODIN_VALIDATOR_APITEST.ValidatorTest">
    <skipped/>
  </testcase> <!-- test46 -->
  <testcase name="test45" classname="ODIN_VALIDATOR_APITEST.ValidatorTest">
    <skipped/>
  </testcase> <!-- test45 -->
  <testcase name="test49" classname="ODIN_VALIDATOR_APITEST.ValidatorTest">
    <skipped/>
  </testcase> <!-- test49 -->
  <testcase name="test51" classname="ODIN_VALIDATOR_APITEST.ValidatorTest">
    <skipped/>
  </testcase> <!-- test51 -->
  <testcase name="test50" classname="ODIN_VALIDATOR_APITEST.ValidatorTest">
    <skipped/>
  </testcase> <!-- test50 -->
</testsuite> <!-- ODIN_VALIDATOR_APITEST.ValidatorTest -->
