<?xml version="1.0" encoding="UTF-8"?>
<!-- Generated by org.testng.reporters.JUnitReportReporter -->
<testsuite skipped="0" hostname="ciprian-ThinkPad-T570-W10DG" name="ODIN_VALIDATOR_APITEST.ValidatorTest" tests="1" failures="0" timestamp="21 Oct 2019 12:30:35 GMT" time="3.358" errors="0">
  <testcase name="test44" time="3.358" classname="ODIN_VALIDATOR_APITEST.ValidatorTest"/>
</testsuite> <!-- ODIN_VALIDATOR_APITEST.ValidatorTest -->
