<?xml version="1.0" encoding="UTF-8"?>
<!-- Generated by org.testng.reporters.JUnitReportReporter -->
<testsuite skipped="0" hostname="ciprian-ThinkPad-T570-W10DG" name="ODIN_REQUEST_PROCESSOR_APITEST.RequestProcessorTest" tests="1" failures="0" timestamp="27 Jan 2020 10:05:16 GMT" time="6.919" errors="0">
  <testcase name="test1" time="6.919" classname="ODIN_REQUEST_PROCESSOR_APITEST.RequestProcessorTest"/>
</testsuite> <!-- ODIN_REQUEST_PROCESSOR_APITEST.RequestProcessorTest -->
