<?xml version="1.0" encoding="UTF-8"?>
<!-- Generated by org.testng.reporters.JUnitReportReporter -->
<testsuite skipped="0" hostname="ciprian-ThinkPad-T570-W10DG" name="ODIN_API_CALL.ODIN_API_CALL.CallApi_1" tests="4" failures="0" timestamp="29 Aug 2019 14:06:54 GMT" time="18.176" errors="0">
  <testcase name="test1" time="7.567" classname="ODIN_API_CALL.ODIN_API_CALL.CallApi_1"/>
  <testcase name="test2" time="4.134" classname="ODIN_API_CALL.ODIN_API_CALL.CallApi_1"/>
  <testcase name="test3" time="4.478" classname="ODIN_API_CALL.ODIN_API_CALL.CallApi_1"/>
  <testcase name="test4" time="1.997" classname="ODIN_API_CALL.ODIN_API_CALL.CallApi_1"/>
</testsuite> <!-- ODIN_API_CALL.ODIN_API_CALL.CallApi_1 -->
