<?xml version="1.0" encoding="UTF-8"?>
<!-- Generated by org.testng.reporters.JUnitReportReporter -->
<testsuite skipped="0" hostname="ciprian-ThinkPad-T570-W10DG" name="ODIN_REQUEST_PROCESSOR_APITEST.App1" tests="1" failures="0" timestamp="11 Sep 2019 11:55:08 GMT" time="6.585" errors="0">
  <testcase name="test1" time="6.585" classname="ODIN_REQUEST_PROCESSOR_APITEST.App1"/>
</testsuite> <!-- ODIN_REQUEST_PROCESSOR_APITEST.App1 -->
