<?xml version="1.0" encoding="UTF-8"?>
<!-- Generated by org.testng.reporters.JUnitReportReporter -->
<testsuite skipped="0" hostname="ciprian-ThinkPad-T570-W10DG" name="ODIN_REQUEST_PROCESSOR_APITEST.RequestProcessor" tests="1" failures="0" timestamp="28 Oct 2019 20:19:00 GMT" time="4.744" errors="0">
  <testcase name="test4" time="4.744" classname="ODIN_REQUEST_PROCESSOR_APITEST.RequestProcessor"/>
</testsuite> <!-- ODIN_REQUEST_PROCESSOR_APITEST.RequestProcessor -->
