<?xml version="1.0" encoding="UTF-8"?>
<!-- Generated by org.testng.reporters.JUnitReportReporter -->
<testsuite skipped="0" hostname="ciprian-ThinkPad-T570-W10DG" name="ODIN_REQUEST_PROCESSOR_APITEST.RequestProcessorTest" tests="7" failures="0" timestamp="29 Oct 2019 16:56:08 GMT" time="9.108" errors="0">
  <testcase name="test1" time="3.267" classname="ODIN_REQUEST_PROCESSOR_APITEST.RequestProcessorTest"/>
  <testcase name="test2" time="0.875" classname="ODIN_REQUEST_PROCESSOR_APITEST.RequestProcessorTest"/>
  <testcase name="test3" time="0.866" classname="ODIN_REQUEST_PROCESSOR_APITEST.RequestProcessorTest"/>
  <testcase name="test4" time="0.790" classname="ODIN_REQUEST_PROCESSOR_APITEST.RequestProcessorTest"/>
  <testcase name="test5" time="0.803" classname="ODIN_REQUEST_PROCESSOR_APITEST.RequestProcessorTest"/>
  <testcase name="test6" time="0.898" classname="ODIN_REQUEST_PROCESSOR_APITEST.RequestProcessorTest"/>
  <testcase name="test7" time="1.609" classname="ODIN_REQUEST_PROCESSOR_APITEST.RequestProcessorTest"/>
</testsuite> <!-- ODIN_REQUEST_PROCESSOR_APITEST.RequestProcessorTest -->
