<?xml version="1.0" encoding="UTF-8"?>
<!-- Generated by org.testng.reporters.JUnitReportReporter -->
<testsuite skipped="0" hostname="ciprian-ThinkPad-T570-W10DG" name="ODIN_REQUEST_PROCESSOR_APITEST.App1" tests="2" failures="0" timestamp="11 Sep 2019 15:17:37 GMT" time="4.103" errors="0">
  <testcase name="test1" time="2.876" classname="ODIN_REQUEST_PROCESSOR_APITEST.App1"/>
  <testcase name="test2" time="1.227" classname="ODIN_REQUEST_PROCESSOR_APITEST.App1"/>
</testsuite> <!-- ODIN_REQUEST_PROCESSOR_APITEST.App1 -->
