<?xml version="1.0" encoding="UTF-8"?>
<!-- Generated by org.testng.reporters.JUnitReportReporter -->
<testsuite skipped="0" hostname="ciprian-ThinkPad-T570-W10DG" name="ODIN_REQUEST_PROCESSOR_APITEST.RequestProcessor" tests="7" failures="0" timestamp="29 Oct 2019 15:40:05 GMT" time="10.488" errors="0">
  <testcase name="test1" time="3.383" classname="ODIN_REQUEST_PROCESSOR_APITEST.RequestProcessor"/>
  <testcase name="test2" time="1.000" classname="ODIN_REQUEST_PROCESSOR_APITEST.RequestProcessor"/>
  <testcase name="test3" time="1.051" classname="ODIN_REQUEST_PROCESSOR_APITEST.RequestProcessor"/>
  <testcase name="test4" time="1.183" classname="ODIN_REQUEST_PROCESSOR_APITEST.RequestProcessor"/>
  <testcase name="test5" time="1.184" classname="ODIN_REQUEST_PROCESSOR_APITEST.RequestProcessor"/>
  <testcase name="test6" time="0.957" classname="ODIN_REQUEST_PROCESSOR_APITEST.RequestProcessor"/>
  <testcase name="test7" time="1.730" classname="ODIN_REQUEST_PROCESSOR_APITEST.RequestProcessor"/>
</testsuite> <!-- ODIN_REQUEST_PROCESSOR_APITEST.RequestProcessor -->
