<?xml version="1.0" encoding="UTF-8"?>
<!-- Generated by org.testng.reporters.JUnitReportReporter -->
<testsuite skipped="0" hostname="ciprian-ThinkPad-T570-W10DG" name="ODIN_VALIDATOR_APITEST.ValidatorTest" tests="39" failures="0" timestamp="10 Oct 2019 14:51:08 GMT" time="72.850" errors="0">
  <testcase name="test1" time="2.120" classname="ODIN_VALIDATOR_APITEST.ValidatorTest"/>
  <testcase name="test2" time="1.866" classname="ODIN_VALIDATOR_APITEST.ValidatorTest"/>
  <testcase name="test3" time="1.726" classname="ODIN_VALIDATOR_APITEST.ValidatorTest"/>
  <testcase name="test4" time="1.204" classname="ODIN_VALIDATOR_APITEST.ValidatorTest"/>
  <testcase name="test5" time="2.459" classname="ODIN_VALIDATOR_APITEST.ValidatorTest"/>
  <testcase name="test6" time="1.671" classname="ODIN_VALIDATOR_APITEST.ValidatorTest"/>
  <testcase name="test7" time="1.662" classname="ODIN_VALIDATOR_APITEST.ValidatorTest"/>
  <testcase name="test8" time="1.679" classname="ODIN_VALIDATOR_APITEST.ValidatorTest"/>
  <testcase name="test9" time="1.885" classname="ODIN_VALIDATOR_APITEST.ValidatorTest"/>
  <testcase name="test10" time="1.806" classname="ODIN_VALIDATOR_APITEST.ValidatorTest"/>
  <testcase name="test11" time="3.787" classname="ODIN_VALIDATOR_APITEST.ValidatorTest"/>
  <testcase name="test12" time="1.668" classname="ODIN_VALIDATOR_APITEST.ValidatorTest"/>
  <testcase name="test13" time="1.867" classname="ODIN_VALIDATOR_APITEST.ValidatorTest"/>
  <testcase name="test14" time="2.111" classname="ODIN_VALIDATOR_APITEST.ValidatorTest"/>
  <testcase name="test15" time="1.624" classname="ODIN_VALIDATOR_APITEST.ValidatorTest"/>
  <testcase name="test16" time="1.612" classname="ODIN_VALIDATOR_APITEST.ValidatorTest"/>
  <testcase name="test17" time="2.151" classname="ODIN_VALIDATOR_APITEST.ValidatorTest"/>
  <testcase name="test18" time="1.448" classname="ODIN_VALIDATOR_APITEST.ValidatorTest"/>
  <testcase name="test19" time="1.402" classname="ODIN_VALIDATOR_APITEST.ValidatorTest"/>
  <testcase name="test20" time="1.518" classname="ODIN_VALIDATOR_APITEST.ValidatorTest"/>
  <testcase name="test21" time="2.867" classname="ODIN_VALIDATOR_APITEST.ValidatorTest"/>
  <testcase name="test22" time="1.667" classname="ODIN_VALIDATOR_APITEST.ValidatorTest"/>
  <testcase name="test23" time="1.770" classname="ODIN_VALIDATOR_APITEST.ValidatorTest"/>
  <testcase name="test24" time="1.566" classname="ODIN_VALIDATOR_APITEST.ValidatorTest"/>
  <testcase name="test25" time="1.655" classname="ODIN_VALIDATOR_APITEST.ValidatorTest"/>
  <testcase name="test26" time="1.784" classname="ODIN_VALIDATOR_APITEST.ValidatorTest"/>
  <testcase name="test27" time="1.968" classname="ODIN_VALIDATOR_APITEST.ValidatorTest"/>
  <testcase name="test28" time="2.301" classname="ODIN_VALIDATOR_APITEST.ValidatorTest"/>
  <testcase name="test29" time="2.503" classname="ODIN_VALIDATOR_APITEST.ValidatorTest"/>
  <testcase name="test30" time="2.291" classname="ODIN_VALIDATOR_APITEST.ValidatorTest"/>
  <testcase name="test31" time="2.193" classname="ODIN_VALIDATOR_APITEST.ValidatorTest"/>
  <testcase name="test32" time="1.664" classname="ODIN_VALIDATOR_APITEST.ValidatorTest"/>
  <testcase name="test33" time="1.178" classname="ODIN_VALIDATOR_APITEST.ValidatorTest"/>
  <testcase name="test34" time="1.631" classname="ODIN_VALIDATOR_APITEST.ValidatorTest"/>
  <testcase name="test35" time="1.829" classname="ODIN_VALIDATOR_APITEST.ValidatorTest"/>
  <testcase name="test36" time="2.963" classname="ODIN_VALIDATOR_APITEST.ValidatorTest"/>
  <testcase name="test37" time="1.458" classname="ODIN_VALIDATOR_APITEST.ValidatorTest"/>
  <testcase name="test38" time="0.688" classname="ODIN_VALIDATOR_APITEST.ValidatorTest"/>
  <testcase name="test39" time="1.608" classname="ODIN_VALIDATOR_APITEST.ValidatorTest"/>
</testsuite> <!-- ODIN_VALIDATOR_APITEST.ValidatorTest -->
