<?xml version="1.0" encoding="UTF-8"?>
<!-- Generated by org.testng.reporters.JUnitReportReporter -->
<testsuite skipped="0" hostname="ciprian-ThinkPad-T570-W10DG" name="ODIN_VALIDATOR_APITEST.App1" tests="1" failures="0" timestamp="02 Oct 2019 14:28:29 GMT" time="3.153" errors="0">
  <testcase name="test38" time="3.153" classname="ODIN_VALIDATOR_APITEST.App1"/>
</testsuite> <!-- ODIN_VALIDATOR_APITEST.App1 -->
