<?xml version="1.0" encoding="UTF-8"?>
<!-- Generated by org.testng.reporters.JUnitReportReporter -->
<testsuite skipped="0" hostname="ciprian-ThinkPad-T570-W10DG" name="ODIN_VALIDATOR_APITEST.App2" tests="2" failures="0" timestamp="08 Oct 2019 14:08:03 GMT" time="0.033" errors="0">
  <testcase name="test1" time="0.014" classname="ODIN_VALIDATOR_APITEST.App2"/>
  <testcase name="test2" time="0.019" classname="ODIN_VALIDATOR_APITEST.App2"/>
</testsuite> <!-- ODIN_VALIDATOR_APITEST.App2 -->
