<?xml version="1.0" encoding="UTF-8"?>
<!-- Generated by org.testng.reporters.JUnitReportReporter -->
<testsuite skipped="0" hostname="ciprian-ThinkPad-T570-W10DG" name="ODIN_REQUEST_PROCESSOR_APITEST.RequestProcessorTest" tests="7" failures="0" timestamp="29 Oct 2019 16:27:46 GMT" time="9.807" errors="0">
  <testcase name="test1" time="4.252" classname="ODIN_REQUEST_PROCESSOR_APITEST.RequestProcessorTest"/>
  <testcase name="test2" time="0.952" classname="ODIN_REQUEST_PROCESSOR_APITEST.RequestProcessorTest"/>
  <testcase name="test3" time="0.906" classname="ODIN_REQUEST_PROCESSOR_APITEST.RequestProcessorTest"/>
  <testcase name="test4" time="0.944" classname="ODIN_REQUEST_PROCESSOR_APITEST.RequestProcessorTest"/>
  <testcase name="test5" time="0.788" classname="ODIN_REQUEST_PROCESSOR_APITEST.RequestProcessorTest"/>
  <testcase name="test6" time="0.731" classname="ODIN_REQUEST_PROCESSOR_APITEST.RequestProcessorTest"/>
  <testcase name="test7" time="1.234" classname="ODIN_REQUEST_PROCESSOR_APITEST.RequestProcessorTest"/>
</testsuite> <!-- ODIN_REQUEST_PROCESSOR_APITEST.RequestProcessorTest -->
