<?xml version="1.0" encoding="UTF-8"?>
<!-- Generated by org.testng.reporters.JUnitReportReporter -->
<testsuite skipped="0" hostname="ciprian-ThinkPad-T570-W10DG" name="ODIN_VALIDATOR_APITEST.ValidatorTest" tests="44" failures="0" timestamp="29 Oct 2019 16:40:31 GMT" time="57.859" errors="0">
  <testcase name="test1" time="1.960" classname="ODIN_VALIDATOR_APITEST.ValidatorTest"/>
  <testcase name="test2" time="2.448" classname="ODIN_VALIDATOR_APITEST.ValidatorTest"/>
  <testcase name="test3" time="1.217" classname="ODIN_VALIDATOR_APITEST.ValidatorTest"/>
  <testcase name="test4" time="0.662" classname="ODIN_VALIDATOR_APITEST.ValidatorTest"/>
  <testcase name="test5" time="1.474" classname="ODIN_VALIDATOR_APITEST.ValidatorTest"/>
  <testcase name="test6" time="1.691" classname="ODIN_VALIDATOR_APITEST.ValidatorTest"/>
  <testcase name="test7" time="1.278" classname="ODIN_VALIDATOR_APITEST.ValidatorTest"/>
  <testcase name="test8" time="1.214" classname="ODIN_VALIDATOR_APITEST.ValidatorTest"/>
  <testcase name="test9" time="1.253" classname="ODIN_VALIDATOR_APITEST.ValidatorTest"/>
  <testcase name="test10" time="1.303" classname="ODIN_VALIDATOR_APITEST.ValidatorTest"/>
  <testcase name="test11" time="2.958" classname="ODIN_VALIDATOR_APITEST.ValidatorTest"/>
  <testcase name="test12" time="1.484" classname="ODIN_VALIDATOR_APITEST.ValidatorTest"/>
  <testcase name="test13" time="1.362" classname="ODIN_VALIDATOR_APITEST.ValidatorTest"/>
  <testcase name="test14" time="1.535" classname="ODIN_VALIDATOR_APITEST.ValidatorTest"/>
  <testcase name="test15" time="1.207" classname="ODIN_VALIDATOR_APITEST.ValidatorTest"/>
  <testcase name="test16" time="1.198" classname="ODIN_VALIDATOR_APITEST.ValidatorTest"/>
  <testcase name="test17" time="1.470" classname="ODIN_VALIDATOR_APITEST.ValidatorTest"/>
  <testcase name="test18" time="1.282" classname="ODIN_VALIDATOR_APITEST.ValidatorTest"/>
  <testcase name="test19" time="1.181" classname="ODIN_VALIDATOR_APITEST.ValidatorTest"/>
  <testcase name="test20" time="1.210" classname="ODIN_VALIDATOR_APITEST.ValidatorTest"/>
  <testcase name="test21" time="1.524" classname="ODIN_VALIDATOR_APITEST.ValidatorTest"/>
  <testcase name="test22" time="1.202" classname="ODIN_VALIDATOR_APITEST.ValidatorTest"/>
  <testcase name="test23" time="1.278" classname="ODIN_VALIDATOR_APITEST.ValidatorTest"/>
  <testcase name="test24" time="1.385" classname="ODIN_VALIDATOR_APITEST.ValidatorTest"/>
  <testcase name="test25" time="1.433" classname="ODIN_VALIDATOR_APITEST.ValidatorTest"/>
  <testcase name="test26" time="1.156" classname="ODIN_VALIDATOR_APITEST.ValidatorTest"/>
  <testcase name="test27" time="1.275" classname="ODIN_VALIDATOR_APITEST.ValidatorTest"/>
  <testcase name="test28" time="1.451" classname="ODIN_VALIDATOR_APITEST.ValidatorTest"/>
  <testcase name="test29" time="1.572" classname="ODIN_VALIDATOR_APITEST.ValidatorTest"/>
  <testcase name="test30" time="1.316" classname="ODIN_VALIDATOR_APITEST.ValidatorTest"/>
  <testcase name="test31" time="1.518" classname="ODIN_VALIDATOR_APITEST.ValidatorTest"/>
  <testcase name="test32" time="1.342" classname="ODIN_VALIDATOR_APITEST.ValidatorTest"/>
  <testcase name="test33" time="0.623" classname="ODIN_VALIDATOR_APITEST.ValidatorTest"/>
  <testcase name="test34" time="1.391" classname="ODIN_VALIDATOR_APITEST.ValidatorTest"/>
  <testcase name="test35" time="1.199" classname="ODIN_VALIDATOR_APITEST.ValidatorTest"/>
  <testcase name="test36" time="1.638" classname="ODIN_VALIDATOR_APITEST.ValidatorTest"/>
  <testcase name="test37" time="1.274" classname="ODIN_VALIDATOR_APITEST.ValidatorTest"/>
  <testcase name="test38" time="0.604" classname="ODIN_VALIDATOR_APITEST.ValidatorTest"/>
  <testcase name="test39" time="1.300" classname="ODIN_VALIDATOR_APITEST.ValidatorTest"/>
  <testcase name="test40" time="0.923" classname="ODIN_VALIDATOR_APITEST.ValidatorTest"/>
  <testcase name="test41" time="0.801" classname="ODIN_VALIDATOR_APITEST.ValidatorTest"/>
  <testcase name="test42" time="0.786" classname="ODIN_VALIDATOR_APITEST.ValidatorTest"/>
  <testcase name="test43" time="0.680" classname="ODIN_VALIDATOR_APITEST.ValidatorTest"/>
  <testcase name="test44" time="0.801" classname="ODIN_VALIDATOR_APITEST.ValidatorTest"/>
</testsuite> <!-- ODIN_VALIDATOR_APITEST.ValidatorTest -->
