<?xml version="1.0" encoding="UTF-8"?>
<!-- Generated by org.testng.reporters.JUnitReportReporter -->
<testsuite skipped="0" hostname="ciprian-ThinkPad-T570-W10DG" name="ODIN_VALIDATOR_APITEST.Test1" tests="15" failures="0" timestamp="05 Sep 2019 15:46:44 GMT" time="8.277" errors="0">
  <testcase name="test1" time="2.277" classname="ODIN_VALIDATOR_APITEST.Test1"/>
  <testcase name="test2" time="0.495" classname="ODIN_VALIDATOR_APITEST.Test1"/>
  <testcase name="test3" time="0.350" classname="ODIN_VALIDATOR_APITEST.Test1"/>
  <testcase name="test4" time="0.391" classname="ODIN_VALIDATOR_APITEST.Test1"/>
  <testcase name="test5" time="0.441" classname="ODIN_VALIDATOR_APITEST.Test1"/>
  <testcase name="test6" time="0.550" classname="ODIN_VALIDATOR_APITEST.Test1"/>
  <testcase name="test7" time="0.350" classname="ODIN_VALIDATOR_APITEST.Test1"/>
  <testcase name="test8" time="0.351" classname="ODIN_VALIDATOR_APITEST.Test1"/>
  <testcase name="test9" time="0.576" classname="ODIN_VALIDATOR_APITEST.Test1"/>
  <testcase name="test10" time="0.446" classname="ODIN_VALIDATOR_APITEST.Test1"/>
  <testcase name="test11" time="0.401" classname="ODIN_VALIDATOR_APITEST.Test1"/>
  <testcase name="test12" time="0.445" classname="ODIN_VALIDATOR_APITEST.Test1"/>
  <testcase name="test13" time="0.437" classname="ODIN_VALIDATOR_APITEST.Test1"/>
  <testcase name="test14" time="0.393" classname="ODIN_VALIDATOR_APITEST.Test1"/>
  <testcase name="test15" time="0.374" classname="ODIN_VALIDATOR_APITEST.Test1"/>
</testsuite> <!-- ODIN_VALIDATOR_APITEST.Test1 -->
