<?xml version="1.0" encoding="UTF-8"?>
<!-- Generated by org.testng.reporters.JUnitReportReporter -->
<testsuite skipped="0" hostname="ciprian-ThinkPad-T570-W10DG" name="ODIN_REQUEST_PROCESSOR_APITEST.RequestProcessor" tests="4" failures="0" timestamp="29 Oct 2019 09:54:06 GMT" time="7.770" errors="0">
  <testcase name="test1" time="3.575" classname="ODIN_REQUEST_PROCESSOR_APITEST.RequestProcessor"/>
  <testcase name="test2" time="1.830" classname="ODIN_REQUEST_PROCESSOR_APITEST.RequestProcessor"/>
  <testcase name="test3" time="1.208" classname="ODIN_REQUEST_PROCESSOR_APITEST.RequestProcessor"/>
  <testcase name="test4" time="1.157" classname="ODIN_REQUEST_PROCESSOR_APITEST.RequestProcessor"/>
</testsuite> <!-- ODIN_REQUEST_PROCESSOR_APITEST.RequestProcessor -->
