<?xml version="1.0" encoding="UTF-8"?>
<!-- Generated by org.testng.reporters.JUnitReportReporter -->
<testsuite skipped="0" hostname="ciprian-ThinkPad-T570-W10DG" name="ODIN_VALIDATOR_APITEST.ValidatorTest" tests="39" failures="0" timestamp="10 Oct 2019 09:35:20 GMT" time="61.333" errors="0">
  <testcase name="test1" time="1.991" classname="ODIN_VALIDATOR_APITEST.ValidatorTest"/>
  <testcase name="test2" time="1.686" classname="ODIN_VALIDATOR_APITEST.ValidatorTest"/>
  <testcase name="test3" time="1.475" classname="ODIN_VALIDATOR_APITEST.ValidatorTest"/>
  <testcase name="test4" time="0.718" classname="ODIN_VALIDATOR_APITEST.ValidatorTest"/>
  <testcase name="test5" time="1.766" classname="ODIN_VALIDATOR_APITEST.ValidatorTest"/>
  <testcase name="test6" time="1.666" classname="ODIN_VALIDATOR_APITEST.ValidatorTest"/>
  <testcase name="test7" time="1.252" classname="ODIN_VALIDATOR_APITEST.ValidatorTest"/>
  <testcase name="test8" time="1.447" classname="ODIN_VALIDATOR_APITEST.ValidatorTest"/>
  <testcase name="test9" time="1.605" classname="ODIN_VALIDATOR_APITEST.ValidatorTest"/>
  <testcase name="test10" time="2.143" classname="ODIN_VALIDATOR_APITEST.ValidatorTest"/>
  <testcase name="test11" time="1.659" classname="ODIN_VALIDATOR_APITEST.ValidatorTest"/>
  <testcase name="test12" time="1.658" classname="ODIN_VALIDATOR_APITEST.ValidatorTest"/>
  <testcase name="test13" time="1.670" classname="ODIN_VALIDATOR_APITEST.ValidatorTest"/>
  <testcase name="test14" time="1.868" classname="ODIN_VALIDATOR_APITEST.ValidatorTest"/>
  <testcase name="test15" time="1.326" classname="ODIN_VALIDATOR_APITEST.ValidatorTest"/>
  <testcase name="test16" time="1.495" classname="ODIN_VALIDATOR_APITEST.ValidatorTest"/>
  <testcase name="test17" time="1.547" classname="ODIN_VALIDATOR_APITEST.ValidatorTest"/>
  <testcase name="test18" time="1.658" classname="ODIN_VALIDATOR_APITEST.ValidatorTest"/>
  <testcase name="test19" time="1.359" classname="ODIN_VALIDATOR_APITEST.ValidatorTest"/>
  <testcase name="test20" time="1.354" classname="ODIN_VALIDATOR_APITEST.ValidatorTest"/>
  <testcase name="test21" time="1.619" classname="ODIN_VALIDATOR_APITEST.ValidatorTest"/>
  <testcase name="test22" time="2.010" classname="ODIN_VALIDATOR_APITEST.ValidatorTest"/>
  <testcase name="test23" time="1.611" classname="ODIN_VALIDATOR_APITEST.ValidatorTest"/>
  <testcase name="test24" time="1.619" classname="ODIN_VALIDATOR_APITEST.ValidatorTest"/>
  <testcase name="test25" time="1.224" classname="ODIN_VALIDATOR_APITEST.ValidatorTest"/>
  <testcase name="test26" time="1.271" classname="ODIN_VALIDATOR_APITEST.ValidatorTest"/>
  <testcase name="test27" time="1.240" classname="ODIN_VALIDATOR_APITEST.ValidatorTest"/>
  <testcase name="test28" time="1.468" classname="ODIN_VALIDATOR_APITEST.ValidatorTest"/>
  <testcase name="test29" time="2.297" classname="ODIN_VALIDATOR_APITEST.ValidatorTest"/>
  <testcase name="test30" time="1.800" classname="ODIN_VALIDATOR_APITEST.ValidatorTest"/>
  <testcase name="test31" time="1.744" classname="ODIN_VALIDATOR_APITEST.ValidatorTest"/>
  <testcase name="test32" time="1.877" classname="ODIN_VALIDATOR_APITEST.ValidatorTest"/>
  <testcase name="test33" time="0.694" classname="ODIN_VALIDATOR_APITEST.ValidatorTest"/>
  <testcase name="test34" time="1.598" classname="ODIN_VALIDATOR_APITEST.ValidatorTest"/>
  <testcase name="test35" time="1.644" classname="ODIN_VALIDATOR_APITEST.ValidatorTest"/>
  <testcase name="test36" time="1.687" classname="ODIN_VALIDATOR_APITEST.ValidatorTest"/>
  <testcase name="test37" time="1.870" classname="ODIN_VALIDATOR_APITEST.ValidatorTest"/>
  <testcase name="test38" time="0.850" classname="ODIN_VALIDATOR_APITEST.ValidatorTest"/>
  <testcase name="test39" time="1.867" classname="ODIN_VALIDATOR_APITEST.ValidatorTest"/>
</testsuite> <!-- ODIN_VALIDATOR_APITEST.ValidatorTest -->
