<?xml version="1.0" encoding="UTF-8"?>
<!-- Generated by org.testng.reporters.JUnitReportReporter -->
<testsuite skipped="0" hostname="ciprian-ThinkPad-T570-W10DG" name="ODIN_VALIDATOR_APITEST.Test2" tests="2" failures="0" timestamp="05 Sep 2019 15:47:42 GMT" time="0.009" errors="0">
  <testcase name="test1" time="0.007" classname="ODIN_VALIDATOR_APITEST.Test2"/>
  <testcase name="test2" time="0.002" classname="ODIN_VALIDATOR_APITEST.Test2"/>
</testsuite> <!-- ODIN_VALIDATOR_APITEST.Test2 -->
