<?xml version="1.0" encoding="UTF-8"?>
<!-- Generated by org.testng.reporters.JUnitReportReporter -->
<testsuite skipped="0" hostname="ciprian-ThinkPad-T570-W10DG" name="ODIN_VALIDATOR_APITEST.App2" tests="1" failures="0" timestamp="09 Sep 2019 08:30:38 GMT" time="0.002" errors="0">
  <testcase name="test1" time="0.002" classname="ODIN_VALIDATOR_APITEST.App2"/>
</testsuite> <!-- ODIN_VALIDATOR_APITEST.App2 -->
