<?xml version="1.0" encoding="UTF-8"?>
<!-- Generated by org.testng.reporters.JUnitReportReporter -->
<testsuite skipped="0" hostname="ciprian-ThinkPad-T570-W10DG" name="ODIN_REQUEST_PROCESSOR_APITEST.RequestProcessorTest" tests="1" failures="0" timestamp="07 Nov 2019 13:43:45 GMT" time="3.790" errors="0">
  <testcase name="test12" time="3.790" classname="ODIN_REQUEST_PROCESSOR_APITEST.RequestProcessorTest"/>
</testsuite> <!-- ODIN_REQUEST_PROCESSOR_APITEST.RequestProcessorTest -->
