<?xml version="1.0" encoding="UTF-8"?>
<!-- Generated by org.testng.reporters.JUnitReportReporter -->
<testsuite skipped="0" hostname="ciprian-ThinkPad-T570-W10DG" name="ODIN_REQUEST_PROCESSOR_APITEST.RequestProcessorTest" tests="1" failures="0" timestamp="14 Nov 2019 11:15:07 GMT" time="6.513" errors="0">
  <testcase name="test15" time="6.513" classname="ODIN_REQUEST_PROCESSOR_APITEST.RequestProcessorTest"/>
</testsuite> <!-- ODIN_REQUEST_PROCESSOR_APITEST.RequestProcessorTest -->
