<?xml version="1.0" encoding="UTF-8"?>
<!-- Generated by org.testng.reporters.JUnitReportReporter -->
<testsuite skipped="0" hostname="ciprian-ThinkPad-T570-W10DG" name="ODIN_REQUEST_PROCESSOR_APITEST.RequestProcessorTest" tests="1" failures="0" timestamp="18 Nov 2019 17:37:40 GMT" time="3.898" errors="0">
  <testcase name="test24" time="3.898" classname="ODIN_REQUEST_PROCESSOR_APITEST.RequestProcessorTest"/>
</testsuite> <!-- ODIN_REQUEST_PROCESSOR_APITEST.RequestProcessorTest -->
