<?xml version="1.0" encoding="UTF-8"?>
<!-- Generated by org.testng.reporters.JUnitReportReporter -->
<testsuite skipped="0" hostname="ciprian-ThinkPad-T570-W10DG" name="ODIN_VALIDATOR_APITEST.ValidatorTest" tests="1" failures="0" timestamp="09 Oct 2019 11:06:51 GMT" time="3.366" errors="0">
  <testcase name="test2" time="3.366" classname="ODIN_VALIDATOR_APITEST.ValidatorTest"/>
</testsuite> <!-- ODIN_VALIDATOR_APITEST.ValidatorTest -->
